<?xml version="1.0" encoding="UTF-8"?>
<!-- Generated by org.testng.reporters.JUnitReportReporter -->
<testsuite hostname="USHYDPAVAMSHI1" failures="0" tests="1" name="com.sample.tests.LoginPageTest" time="25.267" errors="0" timestamp="2022-06-01T15:27:21 IST" skipped="0">
  <testcase classname="com.sample.tests.LoginPageTest" name="loginTest" time="25.267"/>
  <system-out/>
</testsuite> <!-- com.sample.tests.LoginPageTest -->
