<?xml version="1.0" encoding="UTF-8"?>
<!-- Generated by org.testng.reporters.JUnitReportReporter -->
<testsuite hostname="USHYDPAVAMSHI1" failures="0" tests="1" name="com.sample.tests.LoginPageTest" time="10.315" errors="0" timestamp="2022-05-26T08:17:13 IST" skipped="0">
  <testcase classname="com.sample.tests.LoginPageTest" name="loginTest" time="10.315"/>
  <system-out/>
</testsuite> <!-- com.sample.tests.LoginPageTest -->
