<?xml version="1.0" encoding="UTF-8"?>
<!-- Generated by org.testng.reporters.JUnitReportReporter -->
<testsuite hostname="USHYDPAVAMSHI1" failures="0" tests="2" name="com.sample.tests.HomePageTest" time="28.299" errors="0" timestamp="2022-06-02T16:58:15 IST" skipped="0">
  <testcase classname="com.sample.tests.HomePageTest" name="verifyUserNameOnHomePage" time="0.022"/>
  <system-out/>
  <testcase classname="com.sample.tests.HomePageTest" name="searchforParticularItem" time="28.277"/>
  <system-out/>
</testsuite> <!-- com.sample.tests.HomePageTest -->
