<?xml version="1.0" encoding="UTF-8"?>
<!-- Generated by org.testng.reporters.JUnitReportReporter -->
<testsuite hostname="USHYDPAVAMSHI1" failures="0" tests="7" name="com.sample.tests.HomePageTest" time="139.009" errors="0" timestamp="2022-06-15T08:39:36 IST" skipped="0">
  <testcase classname="com.sample.tests.HomePageTest" name="verifyUserNameOnHomePage" time="0.846"/>
  <system-out/>
  <testcase classname="com.sample.tests.HomePageTest" name="searchforParticularItem" time="59.309"/>
  <system-out/>
  <testcase classname="com.sample.tests.HomePageTest" name="searchforParticularItem" time="32.946"/>
  <system-out/>
  <testcase classname="com.sample.tests.HomePageTest" name="addPayementOptions" time="30.536"/>
  <system-out/>
  <testcase classname="com.sample.tests.HomePageTest" name="deselectItems" time="6.565"/>
  <system-out/>
  <testcase classname="com.sample.tests.HomePageTest" name="verifyItemAddedToCart" time="4.391"/>
  <system-out/>
  <testcase classname="com.sample.tests.HomePageTest" name="verifyItemAddedToCart" time="4.416"/>
  <system-out/>
</testsuite> <!-- com.sample.tests.HomePageTest -->
