<?xml version="1.0" encoding="UTF-8"?>
<!-- Generated by org.testng.reporters.JUnitReportReporter -->
<testsuite hostname="USHYDPAVAMSHI1" failures="0" tests="2" name="com.crm.qa.testcases.LoginPageTest" time="45.935" errors="0" timestamp="2022-05-20T17:45:32 IST" skipped="0">
  <testcase classname="com.crm.qa.testcases.LoginPageTest" name="loginPageTitleTest" time="45.932"/>
  <system-out/>
  <testcase classname="com.crm.qa.testcases.LoginPageTest" name="tearDown" time="0.003"/>
  <system-out/>
</testsuite> <!-- com.crm.qa.testcases.LoginPageTest -->
