<?xml version="1.0" encoding="UTF-8"?>
<!-- Generated by org.testng.reporters.JUnitReportReporter -->
<testsuite hostname="USHYDPAVAMSHI1" failures="0" tests="3" name="com.sample.tests.HomePageTest" time="0.010" errors="0" timestamp="2022-05-26T08:17:13 IST" skipped="0">
  <testcase classname="com.sample.tests.HomePageTest" name="verifyUserNameOnHomePage" time="0.009"/>
  <system-out/>
  <testcase classname="com.sample.tests.HomePageTest" name="addNewCardsToAccount" time="0.000"/>
  <system-out/>
  <testcase classname="com.sample.tests.HomePageTest" name="addNewCardsToAccount" time="0.001"/>
  <system-out/>
</testsuite> <!-- com.sample.tests.HomePageTest -->
